Traceback (most recent call last):
  File "C:\Users\pm27995\AppData\Local\anaconda3\envs\book\lib\site-packages\jupyter_cache\executors\utils.py", line 58, in single_nb_execution
    executenb(
  File "C:\Users\pm27995\AppData\Local\anaconda3\envs\book\lib\site-packages\nbclient\client.py", line 1305, in execute
    return NotebookClient(nb=nb, resources=resources, km=km, **kwargs).execute()
  File "C:\Users\pm27995\AppData\Local\anaconda3\envs\book\lib\site-packages\jupyter_core\utils\__init__.py", line 165, in wrapped
    return loop.run_until_complete(inner)
  File "C:\Users\pm27995\AppData\Local\anaconda3\envs\book\lib\asyncio\base_events.py", line 608, in run_until_complete
    return future.result()
  File "C:\Users\pm27995\AppData\Local\anaconda3\envs\book\lib\site-packages\nbclient\client.py", line 705, in async_execute
    await self.async_execute_cell(
  File "C:\Users\pm27995\AppData\Local\anaconda3\envs\book\lib\site-packages\nbclient\client.py", line 1058, in async_execute_cell
    await self._check_raise_for_error(cell, cell_index, exec_reply)
  File "C:\Users\pm27995\AppData\Local\anaconda3\envs\book\lib\site-packages\nbclient\client.py", line 914, in _check_raise_for_error
    raise CellExecutionError.from_cell_and_msg(cell, exec_reply_content)
nbclient.exceptions.CellExecutionError: An error occurred while executing the following cell:
------------------
ireal = 0                                                     # select realization for display

nrow = int(round(((grd3D['nz']+0.9)/3),0))                    # adjust plot for the number of realizations
for iz in range(0,grd3D['nz']):
    plt.subplot(nrow,3,iz+1)   
    if iz == 0:
        GSLIB.locpix_st(sim_ik[ireal][iz],grd3D['xmin'],grd3D['xmax'],grd3D['ymin'],grd3D['ymax'],grd3D['xsiz'],0.0,1.0,df,'X','Y','Facies',
                'Sequential Indicator Simulation - Realization #' + str(ireal+1) + ' - iz = ' + str(iz+1),'X(m)','Y(m)','Facies',cmap_facies)
    else:
        GSLIB.pixelplt_st(sim_ik[ireal][iz],grd3D['xmin'],grd3D['xmax'],grd3D['ymin'],grd3D['ymax'],grd3D['xsiz'],0.0,1.0,
                         'Sequential Indicator Simulation - Realization #' + str(ireal+1) + ' - iz = ' + str(iz+1),'X(m)','Y(m)','Facies',cmap_facies)

plt.subplots_adjust(left=0.0, bottom=0.0, right=3.0, top=1.0*nrow, wspace=0.2, hspace=0.2); plt.show()
------------------


[1;31m---------------------------------------------------------------------------[0m
[1;31mNameError[0m                                 Traceback (most recent call last)
Cell [1;32mIn[8], line 7[0m
[0;32m      5[0m plt[38;5;241m.[39msubplot(nrow,[38;5;241m3[39m,iz[38;5;241m+[39m[38;5;241m1[39m)   
[0;32m      6[0m [38;5;28;01mif[39;00m iz [38;5;241m==[39m [38;5;241m0[39m:
[1;32m----> 7[0m     GSLIB[38;5;241m.[39mlocpix_st([43msim_ik[49m[ireal][iz],grd3D[[38;5;124m'[39m[38;5;124mxmin[39m[38;5;124m'[39m],grd3D[[38;5;124m'[39m[38;5;124mxmax[39m[38;5;124m'[39m],grd3D[[38;5;124m'[39m[38;5;124mymin[39m[38;5;124m'[39m],grd3D[[38;5;124m'[39m[38;5;124mymax[39m[38;5;124m'[39m],grd3D[[38;5;124m'[39m[38;5;124mxsiz[39m[38;5;124m'[39m],[38;5;241m0.0[39m,[38;5;241m1.0[39m,df,[38;5;124m'[39m[38;5;124mX[39m[38;5;124m'[39m,[38;5;124m'[39m[38;5;124mY[39m[38;5;124m'[39m,[38;5;124m'[39m[38;5;124mFacies[39m[38;5;124m'[39m,
[0;32m      8[0m             [38;5;124m'[39m[38;5;124mSequential Indicator Simulation - Realization #[39m[38;5;124m'[39m [38;5;241m+[39m [38;5;28mstr[39m(ireal[38;5;241m+[39m[38;5;241m1[39m) [38;5;241m+[39m [38;5;124m'[39m[38;5;124m - iz = [39m[38;5;124m'[39m [38;5;241m+[39m [38;5;28mstr[39m(iz[38;5;241m+[39m[38;5;241m1[39m),[38;5;124m'[39m[38;5;124mX(m)[39m[38;5;124m'[39m,[38;5;124m'[39m[38;5;124mY(m)[39m[38;5;124m'[39m,[38;5;124m'[39m[38;5;124mFacies[39m[38;5;124m'[39m,cmap_facies)
[0;32m      9[0m [38;5;28;01melse[39;00m:
[0;32m     10[0m     GSLIB[38;5;241m.[39mpixelplt_st(sim_ik[ireal][iz],grd3D[[38;5;124m'[39m[38;5;124mxmin[39m[38;5;124m'[39m],grd3D[[38;5;124m'[39m[38;5;124mxmax[39m[38;5;124m'[39m],grd3D[[38;5;124m'[39m[38;5;124mymin[39m[38;5;124m'[39m],grd3D[[38;5;124m'[39m[38;5;124mymax[39m[38;5;124m'[39m],grd3D[[38;5;124m'[39m[38;5;124mxsiz[39m[38;5;124m'[39m],[38;5;241m0.0[39m,[38;5;241m1.0[39m,
[0;32m     11[0m                      [38;5;124m'[39m[38;5;124mSequential Indicator Simulation - Realization #[39m[38;5;124m'[39m [38;5;241m+[39m [38;5;28mstr[39m(ireal[38;5;241m+[39m[38;5;241m1[39m) [38;5;241m+[39m [38;5;124m'[39m[38;5;124m - iz = [39m[38;5;124m'[39m [38;5;241m+[39m [38;5;28mstr[39m(iz[38;5;241m+[39m[38;5;241m1[39m),[38;5;124m'[39m[38;5;124mX(m)[39m[38;5;124m'[39m,[38;5;124m'[39m[38;5;124mY(m)[39m[38;5;124m'[39m,[38;5;124m'[39m[38;5;124mFacies[39m[38;5;124m'[39m,cmap_facies)

[1;31mNameError[0m: name 'sim_ik' is not defined

