Traceback (most recent call last):
  File "C:\Users\pm27995\AppData\Local\anaconda3\envs\book\lib\site-packages\jupyter_cache\executors\utils.py", line 58, in single_nb_execution
    executenb(
  File "C:\Users\pm27995\AppData\Local\anaconda3\envs\book\lib\site-packages\nbclient\client.py", line 1305, in execute
    return NotebookClient(nb=nb, resources=resources, km=km, **kwargs).execute()
  File "C:\Users\pm27995\AppData\Local\anaconda3\envs\book\lib\site-packages\jupyter_core\utils\__init__.py", line 165, in wrapped
    return loop.run_until_complete(inner)
  File "C:\Users\pm27995\AppData\Local\anaconda3\envs\book\lib\asyncio\base_events.py", line 608, in run_until_complete
    return future.result()
  File "C:\Users\pm27995\AppData\Local\anaconda3\envs\book\lib\site-packages\nbclient\client.py", line 705, in async_execute
    await self.async_execute_cell(
  File "C:\Users\pm27995\AppData\Local\anaconda3\envs\book\lib\site-packages\nbclient\client.py", line 1058, in async_execute_cell
    await self._check_raise_for_error(cell, cell_index, exec_reply)
  File "C:\Users\pm27995\AppData\Local\anaconda3\envs\book\lib\site-packages\nbclient\client.py", line 914, in _check_raise_for_error
    raise CellExecutionError.from_cell_and_msg(cell, exec_reply_content)
nbclient.exceptions.CellExecutionError: An error occurred while executing the following cell:
------------------
import os                                                     # set working directory, run executables

from tqdm import tqdm                                         # suppress the status bar
from functools import partialmethod
tqdm.__init__ = partialmethod(tqdm.__init__, disable=True)

ignore_warnings = True                                        # ignore warnings?
import numpy as np                                            # ndarrays for gridded data
import pandas as pd                                           # DataFrames for tabular data
import matplotlib.pyplot as plt                               # for plotting
import matplotlib.patches as patches
import matplotlib as mpl                                      # custom colorbar
import matplotlib.patches as mpatches                         # categorical legend

from ipywidgets import interactive                            # widgets and interactivity
from ipywidgets import widgets                            
from ipywidgets import Layout
from ipywidgets import Label
from ipywidgets import VBox, HBox

from matplotlib.colors import LinearSegmentedColormap         
from matplotlib.ticker import (MultipleLocator, AutoMinorLocator) # control of axes ticks
plt.rc('axes', axisbelow=True)                                # plot all grids below the plot elements
if ignore_warnings == True:                                   
    import warnings
    warnings.filterwarnings('ignore')
cmap = plt.cm.inferno                                         # color map
seed = 42
------------------


[1;31m---------------------------------------------------------------------------[0m
[1;31mModuleNotFoundError[0m                       Traceback (most recent call last)
Cell [1;32mIn[2], line 15[0m
[0;32m     12[0m [38;5;28;01mimport[39;00m [38;5;21;01mmatplotlib[39;00m [38;5;28;01mas[39;00m [38;5;21;01mmpl[39;00m                                      [38;5;66;03m# custom colorbar[39;00m
[0;32m     13[0m [38;5;28;01mimport[39;00m [38;5;21;01mmatplotlib[39;00m[38;5;21;01m.[39;00m[38;5;21;01mpatches[39;00m [38;5;28;01mas[39;00m [38;5;21;01mmpatches[39;00m                         [38;5;66;03m# categorical legend[39;00m
[1;32m---> 15[0m [38;5;28;01mfrom[39;00m [38;5;21;01mipywidgets[39;00m [38;5;28;01mimport[39;00m interactive                            [38;5;66;03m# widgets and interactivity[39;00m
[0;32m     16[0m [38;5;28;01mfrom[39;00m [38;5;21;01mipywidgets[39;00m [38;5;28;01mimport[39;00m widgets                            
[0;32m     17[0m [38;5;28;01mfrom[39;00m [38;5;21;01mipywidgets[39;00m [38;5;28;01mimport[39;00m Layout

[1;31mModuleNotFoundError[0m: No module named 'ipywidgets'

